{"timestamp":"2025-09-13T03:06:52.192Z","type":"CHECK_SUCCESS","endpoint":"Health API","data":{"statusCode":200,"responseTime":50}}
{"timestamp":"2025-09-13T03:06:52.257Z","type":"CHECK_SUCCESS","endpoint":"Homepage","data":{"statusCode":200,"responseTime":119}}
{"timestamp":"2025-09-13T03:06:52.634Z","type":"CHECK_SUCCESS","endpoint":"Tools Page","data":{"statusCode":200,"responseTime":484}}
{"timestamp":"2025-09-13T03:06:52.640Z","type":"CHECK_FAILURE","endpoint":"Tutorials Page","data":{"error":"HTTP 500","responseTime":0}}
{"timestamp":"2025-09-13T03:06:57.943Z","type":"CHECK_FAILURE","endpoint":"Tutorials Page","data":{"error":"HTTP 500","responseTime":0}}
{"timestamp":"2025-09-13T03:07:03.543Z","type":"CHECK_FAILURE","endpoint":"Tutorials Page","data":{"error":"HTTP 500","responseTime":0}}
{"timestamp":"2025-09-13T03:07:03.543Z","type":"ALERT","endpoint":"Tutorials Page","data":{"timestamp":"2025-09-13T03:07:03.543Z","severity":"CRITICAL","message":"Tutorials Page failed 3 consecutive times","endpoint":{"name":"Tutorials Page","url":"http://localhost:3000/tutorials"}}}
{"timestamp":"2025-09-13T03:07:13.688Z","type":"CHECK_FAILURE","endpoint":"Tutorials Page","data":{"error":"HTTP 500","responseTime":0}}
{"timestamp":"2025-09-13T03:07:13.689Z","type":"ALERT","endpoint":"Tutorials Page","data":{"timestamp":"2025-09-13T03:07:13.689Z","severity":"CRITICAL","message":"Tutorials Page failed 4 consecutive times","endpoint":{"name":"Tutorials Page","url":"http://localhost:3000/tutorials"}}}
{"timestamp":"2025-09-13T03:07:13.689Z","type":"SUMMARY","endpoint":"SYSTEM","data":{"timestamp":"2025-09-13T03:07:13.689Z","totalEndpoints":4,"upEndpoints":3,"downEndpoints":1,"avgResponseTime":217.66666666666666,"overallUptime":75}}
{"timestamp":"2025-09-13T03:07:47.690Z","type":"CHECK_SUCCESS","endpoint":"Health API","data":{"statusCode":200,"responseTime":47}}
{"timestamp":"2025-09-13T03:07:47.745Z","type":"CHECK_SUCCESS","endpoint":"Homepage","data":{"statusCode":200,"responseTime":107}}
{"timestamp":"2025-09-13T03:07:48.084Z","type":"CHECK_SUCCESS","endpoint":"Tools Page","data":{"statusCode":200,"responseTime":423}}
{"timestamp":"2025-09-13T03:07:48.089Z","type":"CHECK_FAILURE","endpoint":"Tutorials Page","data":{"error":"HTTP 500","responseTime":0}}
{"timestamp":"2025-09-13T03:07:53.392Z","type":"CHECK_FAILURE","endpoint":"Tutorials Page","data":{"error":"HTTP 500","responseTime":0}}
{"timestamp":"2025-09-13T03:07:58.720Z","type":"CHECK_FAILURE","endpoint":"Tutorials Page","data":{"error":"HTTP 500","responseTime":0}}
{"timestamp":"2025-09-13T03:07:58.721Z","type":"ALERT","endpoint":"Tutorials Page","data":{"timestamp":"2025-09-13T03:07:58.721Z","severity":"CRITICAL","message":"Tutorials Page failed 3 consecutive times","endpoint":{"name":"Tutorials Page","url":"http://localhost:3000/tutorials"}}}
{"timestamp":"2025-09-13T03:08:04.055Z","type":"CHECK_FAILURE","endpoint":"Tutorials Page","data":{"error":"HTTP 500","responseTime":0}}
{"timestamp":"2025-09-13T03:08:04.056Z","type":"ALERT","endpoint":"Tutorials Page","data":{"timestamp":"2025-09-13T03:08:04.056Z","severity":"CRITICAL","message":"Tutorials Page failed 4 consecutive times","endpoint":{"name":"Tutorials Page","url":"http://localhost:3000/tutorials"}}}
{"timestamp":"2025-09-13T03:08:04.056Z","type":"SUMMARY","endpoint":"SYSTEM","data":{"timestamp":"2025-09-13T03:08:04.056Z","totalEndpoints":4,"upEndpoints":3,"downEndpoints":1,"avgResponseTime":192.33333333333334,"overallUptime":75}}
{"timestamp":"2025-09-13T03:08:17.692Z","type":"CHECK_SUCCESS","endpoint":"Health API","data":{"statusCode":200,"responseTime":46}}
{"timestamp":"2025-09-13T03:08:17.746Z","type":"CHECK_SUCCESS","endpoint":"Homepage","data":{"statusCode":200,"responseTime":94}}
{"timestamp":"2025-09-13T03:08:18.049Z","type":"CHECK_SUCCESS","endpoint":"Tools Page","data":{"statusCode":200,"responseTime":395}}
{"timestamp":"2025-09-13T03:08:18.054Z","type":"CHECK_FAILURE","endpoint":"Tutorials Page","data":{"error":"HTTP 500","responseTime":0}}
{"timestamp":"2025-09-13T03:08:18.054Z","type":"ALERT","endpoint":"Tutorials Page","data":{"timestamp":"2025-09-13T03:08:18.054Z","severity":"CRITICAL","message":"Tutorials Page failed 5 consecutive times","endpoint":{"name":"Tutorials Page","url":"http://localhost:3000/tutorials"}}}
{"timestamp":"2025-09-13T03:08:18.055Z","type":"SUMMARY","endpoint":"SYSTEM","data":{"timestamp":"2025-09-13T03:08:18.055Z","totalEndpoints":4,"upEndpoints":3,"downEndpoints":1,"avgResponseTime":185.33333333333334,"overallUptime":75}}
{"timestamp":"2025-09-13T03:08:47.861Z","type":"CHECK_SUCCESS","endpoint":"Health API","data":{"statusCode":200,"responseTime":212}}
{"timestamp":"2025-09-13T03:08:47.905Z","type":"CHECK_SUCCESS","endpoint":"Homepage","data":{"statusCode":200,"responseTime":251}}
{"timestamp":"2025-09-13T03:08:48.193Z","type":"CHECK_SUCCESS","endpoint":"Tools Page","data":{"statusCode":200,"responseTime":536}}
{"timestamp":"2025-09-13T03:08:48.198Z","type":"CHECK_FAILURE","endpoint":"Tutorials Page","data":{"error":"HTTP 500","responseTime":0}}
{"timestamp":"2025-09-13T03:08:48.199Z","type":"ALERT","endpoint":"Tutorials Page","data":{"timestamp":"2025-09-13T03:08:48.199Z","severity":"CRITICAL","message":"Tutorials Page failed 6 consecutive times","endpoint":{"name":"Tutorials Page","url":"http://localhost:3000/tutorials"}}}
{"timestamp":"2025-09-13T03:08:48.199Z","type":"SUMMARY","endpoint":"SYSTEM","data":{"timestamp":"2025-09-13T03:08:48.199Z","totalEndpoints":4,"upEndpoints":3,"downEndpoints":1,"avgResponseTime":234.55555555555554,"overallUptime":75}}
{"timestamp":"2025-09-13T03:09:20.602Z","type":"CHECK_FAILURE","endpoint":"Health API","data":{"error":"HTTP 500","responseTime":0}}
{"timestamp":"2025-09-13T03:09:20.862Z","type":"CHECK_FAILURE","endpoint":"Homepage","data":{"error":"HTTP 500","responseTime":0}}
{"timestamp":"2025-09-13T03:09:20.888Z","type":"CHECK_FAILURE","endpoint":"Tools Page","data":{"error":"HTTP 500","responseTime":0}}
{"timestamp":"2025-09-13T03:09:20.904Z","type":"CHECK_FAILURE","endpoint":"Tutorials Page","data":{"error":"HTTP 500","responseTime":0}}
{"timestamp":"2025-09-13T03:09:20.904Z","type":"ALERT","endpoint":"Tutorials Page","data":{"timestamp":"2025-09-13T03:09:20.904Z","severity":"CRITICAL","message":"Tutorials Page failed 7 consecutive times","endpoint":{"name":"Tutorials Page","url":"http://localhost:3000/tutorials"}}}
{"timestamp":"2025-09-13T03:09:26.427Z","type":"CHECK_FAILURE","endpoint":"Health API","data":{"error":"HTTP 500","responseTime":0}}
{"timestamp":"2025-09-13T03:09:27.251Z","type":"CHECK_FAILURE","endpoint":"Homepage","data":{"error":"HTTP 500","responseTime":0}}
{"timestamp":"2025-09-13T03:09:27.271Z","type":"CHECK_FAILURE","endpoint":"Tools Page","data":{"error":"HTTP 500","responseTime":0}}
{"timestamp":"2025-09-13T03:09:33.068Z","type":"CHECK_FAILURE","endpoint":"Health API","data":{"error":"HTTP 500","responseTime":0}}
{"timestamp":"2025-09-13T03:09:33.068Z","type":"ALERT","endpoint":"Health API","data":{"timestamp":"2025-09-13T03:09:33.068Z","severity":"CRITICAL","message":"Health API failed 3 consecutive times","endpoint":{"name":"Health API","url":"http://localhost:3000/api/health"}}}
{"timestamp":"2025-09-13T03:09:33.567Z","type":"CHECK_FAILURE","endpoint":"Homepage","data":{"error":"HTTP 500","responseTime":0}}
{"timestamp":"2025-09-13T03:09:33.568Z","type":"ALERT","endpoint":"Homepage","data":{"timestamp":"2025-09-13T03:09:33.568Z","severity":"CRITICAL","message":"Homepage failed 3 consecutive times","endpoint":{"name":"Homepage","url":"http://localhost:3000/"}}}
{"timestamp":"2025-09-13T03:09:33.583Z","type":"CHECK_FAILURE","endpoint":"Tools Page","data":{"error":"HTTP 500","responseTime":0}}
{"timestamp":"2025-09-13T03:09:33.584Z","type":"ALERT","endpoint":"Tools Page","data":{"timestamp":"2025-09-13T03:09:33.584Z","severity":"CRITICAL","message":"Tools Page failed 3 consecutive times","endpoint":{"name":"Tools Page","url":"http://localhost:3000/tools"}}}
{"timestamp":"2025-09-13T03:09:38.689Z","type":"CHECK_FAILURE","endpoint":"Health API","data":{"error":"HTTP 500","responseTime":0}}
{"timestamp":"2025-09-13T03:09:38.689Z","type":"ALERT","endpoint":"Health API","data":{"timestamp":"2025-09-13T03:09:38.689Z","severity":"CRITICAL","message":"Health API failed 4 consecutive times","endpoint":{"name":"Health API","url":"http://localhost:3000/api/health"}}}
{"timestamp":"2025-09-13T03:09:39.333Z","type":"CHECK_FAILURE","endpoint":"Homepage","data":{"error":"HTTP 500","responseTime":0}}
{"timestamp":"2025-09-13T03:09:39.334Z","type":"ALERT","endpoint":"Homepage","data":{"timestamp":"2025-09-13T03:09:39.334Z","severity":"CRITICAL","message":"Homepage failed 4 consecutive times","endpoint":{"name":"Homepage","url":"http://localhost:3000/"}}}
{"timestamp":"2025-09-13T03:09:39.358Z","type":"CHECK_FAILURE","endpoint":"Tools Page","data":{"error":"HTTP 500","responseTime":0}}
{"timestamp":"2025-09-13T03:09:39.358Z","type":"ALERT","endpoint":"Tools Page","data":{"timestamp":"2025-09-13T03:09:39.358Z","severity":"CRITICAL","message":"Tools Page failed 4 consecutive times","endpoint":{"name":"Tools Page","url":"http://localhost:3000/tools"}}}
{"timestamp":"2025-09-13T03:09:39.358Z","type":"SUMMARY","endpoint":"SYSTEM","data":{"timestamp":"2025-09-13T03:09:39.358Z","totalEndpoints":4,"upEndpoints":0,"downEndpoints":4,"avgResponseTime":0,"overallUptime":20.454545454545453}}
{"timestamp":"2025-09-13T03:09:48.488Z","type":"CHECK_FAILURE","endpoint":"Health API","data":{"error":"HTTP 500","responseTime":0}}
{"timestamp":"2025-09-13T03:09:48.489Z","type":"ALERT","endpoint":"Health API","data":{"timestamp":"2025-09-13T03:09:48.489Z","severity":"CRITICAL","message":"Health API failed 5 consecutive times","endpoint":{"name":"Health API","url":"http://localhost:3000/api/health"}}}
{"timestamp":"2025-09-13T03:09:48.670Z","type":"CHECK_FAILURE","endpoint":"Homepage","data":{"error":"HTTP 500","responseTime":0}}
{"timestamp":"2025-09-13T03:09:48.670Z","type":"ALERT","endpoint":"Homepage","data":{"timestamp":"2025-09-13T03:09:48.670Z","severity":"CRITICAL","message":"Homepage failed 5 consecutive times","endpoint":{"name":"Homepage","url":"http://localhost:3000/"}}}
{"timestamp":"2025-09-13T03:09:48.695Z","type":"CHECK_FAILURE","endpoint":"Tools Page","data":{"error":"HTTP 500","responseTime":0}}
{"timestamp":"2025-09-13T03:09:48.696Z","type":"ALERT","endpoint":"Tools Page","data":{"timestamp":"2025-09-13T03:09:48.696Z","severity":"CRITICAL","message":"Tools Page failed 5 consecutive times","endpoint":{"name":"Tools Page","url":"http://localhost:3000/tools"}}}
{"timestamp":"2025-09-13T03:09:48.719Z","type":"CHECK_FAILURE","endpoint":"Tutorials Page","data":{"error":"HTTP 500","responseTime":0}}
{"timestamp":"2025-09-13T03:09:48.719Z","type":"ALERT","endpoint":"Tutorials Page","data":{"timestamp":"2025-09-13T03:09:48.719Z","severity":"CRITICAL","message":"Tutorials Page failed 8 consecutive times","endpoint":{"name":"Tutorials Page","url":"http://localhost:3000/tutorials"}}}
{"timestamp":"2025-09-13T03:09:48.720Z","type":"SUMMARY","endpoint":"SYSTEM","data":{"timestamp":"2025-09-13T03:09:48.720Z","totalEndpoints":4,"upEndpoints":0,"downEndpoints":4,"avgResponseTime":0,"overallUptime":17.307692307692307}}
{"timestamp":"2025-09-13T03:10:18.598Z","type":"CHECK_FAILURE","endpoint":"Health API","data":{"error":"HTTP 500","responseTime":0}}
{"timestamp":"2025-09-13T03:10:18.599Z","type":"ALERT","endpoint":"Health API","data":{"timestamp":"2025-09-13T03:10:18.599Z","severity":"CRITICAL","message":"Health API failed 6 consecutive times","endpoint":{"name":"Health API","url":"http://localhost:3000/api/health"}}}
{"timestamp":"2025-09-13T03:10:18.764Z","type":"CHECK_FAILURE","endpoint":"Homepage","data":{"error":"HTTP 500","responseTime":0}}
{"timestamp":"2025-09-13T03:10:18.765Z","type":"ALERT","endpoint":"Homepage","data":{"timestamp":"2025-09-13T03:10:18.765Z","severity":"CRITICAL","message":"Homepage failed 6 consecutive times","endpoint":{"name":"Homepage","url":"http://localhost:3000/"}}}
{"timestamp":"2025-09-13T03:10:18.786Z","type":"CHECK_FAILURE","endpoint":"Tools Page","data":{"error":"HTTP 500","responseTime":0}}
{"timestamp":"2025-09-13T03:10:18.786Z","type":"ALERT","endpoint":"Tools Page","data":{"timestamp":"2025-09-13T03:10:18.786Z","severity":"CRITICAL","message":"Tools Page failed 6 consecutive times","endpoint":{"name":"Tools Page","url":"http://localhost:3000/tools"}}}
{"timestamp":"2025-09-13T03:10:18.801Z","type":"CHECK_FAILURE","endpoint":"Tutorials Page","data":{"error":"HTTP 500","responseTime":0}}
{"timestamp":"2025-09-13T03:10:18.802Z","type":"ALERT","endpoint":"Tutorials Page","data":{"timestamp":"2025-09-13T03:10:18.802Z","severity":"CRITICAL","message":"Tutorials Page failed 9 consecutive times","endpoint":{"name":"Tutorials Page","url":"http://localhost:3000/tutorials"}}}
{"timestamp":"2025-09-13T03:10:18.802Z","type":"SUMMARY","endpoint":"SYSTEM","data":{"timestamp":"2025-09-13T03:10:18.802Z","totalEndpoints":4,"upEndpoints":0,"downEndpoints":4,"avgResponseTime":0,"overallUptime":15}}
{"timestamp":"2025-09-13T03:10:48.764Z","type":"CHECK_FAILURE","endpoint":"Health API","data":{"error":"HTTP 500","responseTime":0}}
{"timestamp":"2025-09-13T03:10:48.765Z","type":"ALERT","endpoint":"Health API","data":{"timestamp":"2025-09-13T03:10:48.765Z","severity":"CRITICAL","message":"Health API failed 7 consecutive times","endpoint":{"name":"Health API","url":"http://localhost:3000/api/health"}}}
{"timestamp":"2025-09-13T03:10:48.792Z","type":"CHECK_FAILURE","endpoint":"Homepage","data":{"error":"HTTP 500","responseTime":0}}
{"timestamp":"2025-09-13T03:10:48.792Z","type":"ALERT","endpoint":"Homepage","data":{"timestamp":"2025-09-13T03:10:48.792Z","severity":"CRITICAL","message":"Homepage failed 7 consecutive times","endpoint":{"name":"Homepage","url":"http://localhost:3000/"}}}
{"timestamp":"2025-09-13T03:10:48.809Z","type":"CHECK_FAILURE","endpoint":"Tools Page","data":{"error":"HTTP 500","responseTime":0}}
{"timestamp":"2025-09-13T03:10:48.809Z","type":"ALERT","endpoint":"Tools Page","data":{"timestamp":"2025-09-13T03:10:48.809Z","severity":"CRITICAL","message":"Tools Page failed 7 consecutive times","endpoint":{"name":"Tools Page","url":"http://localhost:3000/tools"}}}
{"timestamp":"2025-09-13T03:10:48.836Z","type":"CHECK_FAILURE","endpoint":"Tutorials Page","data":{"error":"HTTP 500","responseTime":0}}
{"timestamp":"2025-09-13T03:10:48.837Z","type":"ALERT","endpoint":"Tutorials Page","data":{"timestamp":"2025-09-13T03:10:48.837Z","severity":"CRITICAL","message":"Tutorials Page failed 10 consecutive times","endpoint":{"name":"Tutorials Page","url":"http://localhost:3000/tutorials"}}}
{"timestamp":"2025-09-13T03:10:48.837Z","type":"SUMMARY","endpoint":"SYSTEM","data":{"timestamp":"2025-09-13T03:10:48.837Z","totalEndpoints":4,"upEndpoints":0,"downEndpoints":4,"avgResponseTime":0,"overallUptime":13.23529411764706}}
{"timestamp":"2025-09-13T03:11:18.573Z","type":"CHECK_FAILURE","endpoint":"Health API","data":{"error":"HTTP 500","responseTime":0}}
{"timestamp":"2025-09-13T03:11:18.573Z","type":"ALERT","endpoint":"Health API","data":{"timestamp":"2025-09-13T03:11:18.573Z","severity":"CRITICAL","message":"Health API failed 8 consecutive times","endpoint":{"name":"Health API","url":"http://localhost:3000/api/health"}}}
{"timestamp":"2025-09-13T03:11:18.871Z","type":"CHECK_FAILURE","endpoint":"Homepage","data":{"error":"HTTP 500","responseTime":0}}
{"timestamp":"2025-09-13T03:11:18.871Z","type":"ALERT","endpoint":"Homepage","data":{"timestamp":"2025-09-13T03:11:18.871Z","severity":"CRITICAL","message":"Homepage failed 8 consecutive times","endpoint":{"name":"Homepage","url":"http://localhost:3000/"}}}
{"timestamp":"2025-09-13T03:11:18.894Z","type":"CHECK_FAILURE","endpoint":"Tools Page","data":{"error":"HTTP 500","responseTime":0}}
{"timestamp":"2025-09-13T03:11:18.894Z","type":"ALERT","endpoint":"Tools Page","data":{"timestamp":"2025-09-13T03:11:18.894Z","severity":"CRITICAL","message":"Tools Page failed 8 consecutive times","endpoint":{"name":"Tools Page","url":"http://localhost:3000/tools"}}}
{"timestamp":"2025-09-13T03:11:18.911Z","type":"CHECK_FAILURE","endpoint":"Tutorials Page","data":{"error":"HTTP 500","responseTime":0}}
{"timestamp":"2025-09-13T03:11:18.911Z","type":"ALERT","endpoint":"Tutorials Page","data":{"timestamp":"2025-09-13T03:11:18.911Z","severity":"CRITICAL","message":"Tutorials Page failed 11 consecutive times","endpoint":{"name":"Tutorials Page","url":"http://localhost:3000/tutorials"}}}
{"timestamp":"2025-09-13T03:11:18.912Z","type":"SUMMARY","endpoint":"SYSTEM","data":{"timestamp":"2025-09-13T03:11:18.912Z","totalEndpoints":4,"upEndpoints":0,"downEndpoints":4,"avgResponseTime":0,"overallUptime":11.842105263157894}}
{"timestamp":"2025-09-13T03:11:48.894Z","type":"CHECK_FAILURE","endpoint":"Health API","data":{"error":"HTTP 500","responseTime":0}}
{"timestamp":"2025-09-13T03:11:48.894Z","type":"ALERT","endpoint":"Health API","data":{"timestamp":"2025-09-13T03:11:48.894Z","severity":"CRITICAL","message":"Health API failed 9 consecutive times","endpoint":{"name":"Health API","url":"http://localhost:3000/api/health"}}}
{"timestamp":"2025-09-13T03:11:48.911Z","type":"CHECK_FAILURE","endpoint":"Homepage","data":{"error":"HTTP 500","responseTime":0}}
{"timestamp":"2025-09-13T03:11:48.911Z","type":"ALERT","endpoint":"Homepage","data":{"timestamp":"2025-09-13T03:11:48.911Z","severity":"CRITICAL","message":"Homepage failed 9 consecutive times","endpoint":{"name":"Homepage","url":"http://localhost:3000/"}}}
{"timestamp":"2025-09-13T03:11:48.935Z","type":"CHECK_FAILURE","endpoint":"Tools Page","data":{"error":"HTTP 500","responseTime":0}}
{"timestamp":"2025-09-13T03:11:48.935Z","type":"ALERT","endpoint":"Tools Page","data":{"timestamp":"2025-09-13T03:11:48.935Z","severity":"CRITICAL","message":"Tools Page failed 9 consecutive times","endpoint":{"name":"Tools Page","url":"http://localhost:3000/tools"}}}
{"timestamp":"2025-09-13T03:11:48.952Z","type":"CHECK_FAILURE","endpoint":"Tutorials Page","data":{"error":"HTTP 500","responseTime":0}}
{"timestamp":"2025-09-13T03:11:48.952Z","type":"ALERT","endpoint":"Tutorials Page","data":{"timestamp":"2025-09-13T03:11:48.952Z","severity":"CRITICAL","message":"Tutorials Page failed 12 consecutive times","endpoint":{"name":"Tutorials Page","url":"http://localhost:3000/tutorials"}}}
{"timestamp":"2025-09-13T03:11:48.952Z","type":"SUMMARY","endpoint":"SYSTEM","data":{"timestamp":"2025-09-13T03:11:48.952Z","totalEndpoints":4,"upEndpoints":0,"downEndpoints":4,"avgResponseTime":0,"overallUptime":10.714285714285714}}
{"timestamp":"2025-09-13T03:12:18.552Z","type":"CHECK_FAILURE","endpoint":"Health API","data":{"error":"HTTP 500","responseTime":0}}
{"timestamp":"2025-09-13T03:12:18.552Z","type":"ALERT","endpoint":"Health API","data":{"timestamp":"2025-09-13T03:12:18.552Z","severity":"CRITICAL","message":"Health API failed 10 consecutive times","endpoint":{"name":"Health API","url":"http://localhost:3000/api/health"}}}
{"timestamp":"2025-09-13T03:12:18.765Z","type":"CHECK_FAILURE","endpoint":"Homepage","data":{"error":"HTTP 500","responseTime":0}}
{"timestamp":"2025-09-13T03:12:18.766Z","type":"ALERT","endpoint":"Homepage","data":{"timestamp":"2025-09-13T03:12:18.766Z","severity":"CRITICAL","message":"Homepage failed 10 consecutive times","endpoint":{"name":"Homepage","url":"http://localhost:3000/"}}}
{"timestamp":"2025-09-13T03:12:18.789Z","type":"CHECK_FAILURE","endpoint":"Tools Page","data":{"error":"HTTP 500","responseTime":0}}
{"timestamp":"2025-09-13T03:12:18.789Z","type":"ALERT","endpoint":"Tools Page","data":{"timestamp":"2025-09-13T03:12:18.789Z","severity":"CRITICAL","message":"Tools Page failed 10 consecutive times","endpoint":{"name":"Tools Page","url":"http://localhost:3000/tools"}}}
{"timestamp":"2025-09-13T03:12:18.807Z","type":"CHECK_FAILURE","endpoint":"Tutorials Page","data":{"error":"HTTP 500","responseTime":0}}
{"timestamp":"2025-09-13T03:12:18.807Z","type":"ALERT","endpoint":"Tutorials Page","data":{"timestamp":"2025-09-13T03:12:18.807Z","severity":"CRITICAL","message":"Tutorials Page failed 13 consecutive times","endpoint":{"name":"Tutorials Page","url":"http://localhost:3000/tutorials"}}}
{"timestamp":"2025-09-13T03:12:18.807Z","type":"SUMMARY","endpoint":"SYSTEM","data":{"timestamp":"2025-09-13T03:12:18.807Z","totalEndpoints":4,"upEndpoints":0,"downEndpoints":4,"avgResponseTime":0,"overallUptime":9.782608695652174}}
{"timestamp":"2025-09-13T03:12:48.608Z","type":"CHECK_FAILURE","endpoint":"Health API","data":{"error":"HTTP 500","responseTime":0}}
{"timestamp":"2025-09-13T03:12:48.608Z","type":"ALERT","endpoint":"Health API","data":{"timestamp":"2025-09-13T03:12:48.608Z","severity":"CRITICAL","message":"Health API failed 11 consecutive times","endpoint":{"name":"Health API","url":"http://localhost:3000/api/health"}}}
{"timestamp":"2025-09-13T03:12:48.783Z","type":"CHECK_FAILURE","endpoint":"Homepage","data":{"error":"HTTP 500","responseTime":0}}
{"timestamp":"2025-09-13T03:12:48.784Z","type":"ALERT","endpoint":"Homepage","data":{"timestamp":"2025-09-13T03:12:48.784Z","severity":"CRITICAL","message":"Homepage failed 11 consecutive times","endpoint":{"name":"Homepage","url":"http://localhost:3000/"}}}
{"timestamp":"2025-09-13T03:12:48.806Z","type":"CHECK_FAILURE","endpoint":"Tools Page","data":{"error":"HTTP 500","responseTime":0}}
{"timestamp":"2025-09-13T03:12:48.806Z","type":"ALERT","endpoint":"Tools Page","data":{"timestamp":"2025-09-13T03:12:48.806Z","severity":"CRITICAL","message":"Tools Page failed 11 consecutive times","endpoint":{"name":"Tools Page","url":"http://localhost:3000/tools"}}}
{"timestamp":"2025-09-13T03:12:48.823Z","type":"CHECK_FAILURE","endpoint":"Tutorials Page","data":{"error":"HTTP 500","responseTime":0}}
{"timestamp":"2025-09-13T03:12:48.823Z","type":"ALERT","endpoint":"Tutorials Page","data":{"timestamp":"2025-09-13T03:12:48.823Z","severity":"CRITICAL","message":"Tutorials Page failed 14 consecutive times","endpoint":{"name":"Tutorials Page","url":"http://localhost:3000/tutorials"}}}
{"timestamp":"2025-09-13T03:12:48.823Z","type":"SUMMARY","endpoint":"SYSTEM","data":{"timestamp":"2025-09-13T03:12:48.823Z","totalEndpoints":4,"upEndpoints":0,"downEndpoints":4,"avgResponseTime":0,"overallUptime":9}}
{"timestamp":"2025-09-13T03:13:17.977Z","type":"CHECK_FAILURE","endpoint":"Health API","data":{"error":"HTTP 500","responseTime":0}}
{"timestamp":"2025-09-13T03:13:17.977Z","type":"ALERT","endpoint":"Health API","data":{"timestamp":"2025-09-13T03:13:17.977Z","severity":"CRITICAL","message":"Health API failed 12 consecutive times","endpoint":{"name":"Health API","url":"http://localhost:3000/api/health"}}}
{"timestamp":"2025-09-13T03:13:18.027Z","type":"CHECK_FAILURE","endpoint":"Homepage","data":{"error":"HTTP 500","responseTime":0}}
{"timestamp":"2025-09-13T03:13:18.027Z","type":"ALERT","endpoint":"Homepage","data":{"timestamp":"2025-09-13T03:13:18.027Z","severity":"CRITICAL","message":"Homepage failed 12 consecutive times","endpoint":{"name":"Homepage","url":"http://localhost:3000/"}}}
{"timestamp":"2025-09-13T03:13:18.102Z","type":"CHECK_FAILURE","endpoint":"Tools Page","data":{"error":"HTTP 500","responseTime":0}}
{"timestamp":"2025-09-13T03:13:18.102Z","type":"ALERT","endpoint":"Tools Page","data":{"timestamp":"2025-09-13T03:13:18.102Z","severity":"CRITICAL","message":"Tools Page failed 12 consecutive times","endpoint":{"name":"Tools Page","url":"http://localhost:3000/tools"}}}
{"timestamp":"2025-09-13T03:13:18.125Z","type":"CHECK_FAILURE","endpoint":"Tutorials Page","data":{"error":"HTTP 500","responseTime":0}}
{"timestamp":"2025-09-13T03:13:18.125Z","type":"ALERT","endpoint":"Tutorials Page","data":{"timestamp":"2025-09-13T03:13:18.125Z","severity":"CRITICAL","message":"Tutorials Page failed 15 consecutive times","endpoint":{"name":"Tutorials Page","url":"http://localhost:3000/tutorials"}}}
{"timestamp":"2025-09-13T03:13:18.125Z","type":"SUMMARY","endpoint":"SYSTEM","data":{"timestamp":"2025-09-13T03:13:18.125Z","totalEndpoints":4,"upEndpoints":0,"downEndpoints":4,"avgResponseTime":0,"overallUptime":8.333333333333332}}
{"timestamp":"2025-09-13T03:13:47.996Z","type":"CHECK_FAILURE","endpoint":"Health API","data":{"error":"HTTP 500","responseTime":0}}
{"timestamp":"2025-09-13T03:13:47.997Z","type":"ALERT","endpoint":"Health API","data":{"timestamp":"2025-09-13T03:13:47.997Z","severity":"CRITICAL","message":"Health API failed 13 consecutive times","endpoint":{"name":"Health API","url":"http://localhost:3000/api/health"}}}
{"timestamp":"2025-09-13T03:13:48.044Z","type":"CHECK_FAILURE","endpoint":"Homepage","data":{"error":"HTTP 500","responseTime":0}}
{"timestamp":"2025-09-13T03:13:48.044Z","type":"ALERT","endpoint":"Homepage","data":{"timestamp":"2025-09-13T03:13:48.044Z","severity":"CRITICAL","message":"Homepage failed 13 consecutive times","endpoint":{"name":"Homepage","url":"http://localhost:3000/"}}}
{"timestamp":"2025-09-13T03:13:48.115Z","type":"CHECK_FAILURE","endpoint":"Tools Page","data":{"error":"HTTP 500","responseTime":0}}
{"timestamp":"2025-09-13T03:13:48.115Z","type":"ALERT","endpoint":"Tools Page","data":{"timestamp":"2025-09-13T03:13:48.115Z","severity":"CRITICAL","message":"Tools Page failed 13 consecutive times","endpoint":{"name":"Tools Page","url":"http://localhost:3000/tools"}}}
{"timestamp":"2025-09-13T03:13:48.136Z","type":"CHECK_FAILURE","endpoint":"Tutorials Page","data":{"error":"HTTP 500","responseTime":0}}
{"timestamp":"2025-09-13T03:13:48.136Z","type":"ALERT","endpoint":"Tutorials Page","data":{"timestamp":"2025-09-13T03:13:48.136Z","severity":"CRITICAL","message":"Tutorials Page failed 16 consecutive times","endpoint":{"name":"Tutorials Page","url":"http://localhost:3000/tutorials"}}}
{"timestamp":"2025-09-13T03:13:48.136Z","type":"SUMMARY","endpoint":"SYSTEM","data":{"timestamp":"2025-09-13T03:13:48.136Z","totalEndpoints":4,"upEndpoints":0,"downEndpoints":4,"avgResponseTime":0,"overallUptime":7.758620689655173}}
{"timestamp":"2025-09-13T03:14:18.159Z","type":"CHECK_FAILURE","endpoint":"Health API","data":{"error":"HTTP 500","responseTime":0}}
{"timestamp":"2025-09-13T03:14:18.159Z","type":"ALERT","endpoint":"Health API","data":{"timestamp":"2025-09-13T03:14:18.159Z","severity":"CRITICAL","message":"Health API failed 14 consecutive times","endpoint":{"name":"Health API","url":"http://localhost:3000/api/health"}}}
{"timestamp":"2025-09-13T03:14:18.283Z","type":"CHECK_FAILURE","endpoint":"Homepage","data":{"error":"HTTP 500","responseTime":0}}
{"timestamp":"2025-09-13T03:14:18.284Z","type":"ALERT","endpoint":"Homepage","data":{"timestamp":"2025-09-13T03:14:18.284Z","severity":"CRITICAL","message":"Homepage failed 14 consecutive times","endpoint":{"name":"Homepage","url":"http://localhost:3000/"}}}
{"timestamp":"2025-09-13T03:14:18.386Z","type":"CHECK_FAILURE","endpoint":"Tools Page","data":{"error":"HTTP 500","responseTime":0}}
{"timestamp":"2025-09-13T03:14:18.387Z","type":"ALERT","endpoint":"Tools Page","data":{"timestamp":"2025-09-13T03:14:18.387Z","severity":"CRITICAL","message":"Tools Page failed 14 consecutive times","endpoint":{"name":"Tools Page","url":"http://localhost:3000/tools"}}}
{"timestamp":"2025-09-13T03:14:18.403Z","type":"CHECK_FAILURE","endpoint":"Tutorials Page","data":{"error":"HTTP 500","responseTime":0}}
{"timestamp":"2025-09-13T03:14:18.404Z","type":"ALERT","endpoint":"Tutorials Page","data":{"timestamp":"2025-09-13T03:14:18.404Z","severity":"CRITICAL","message":"Tutorials Page failed 17 consecutive times","endpoint":{"name":"Tutorials Page","url":"http://localhost:3000/tutorials"}}}
{"timestamp":"2025-09-13T03:14:18.404Z","type":"SUMMARY","endpoint":"SYSTEM","data":{"timestamp":"2025-09-13T03:14:18.404Z","totalEndpoints":4,"upEndpoints":0,"downEndpoints":4,"avgResponseTime":0,"overallUptime":7.258064516129032}}
{"timestamp":"2025-09-13T03:14:48.192Z","type":"CHECK_FAILURE","endpoint":"Health API","data":{"error":"HTTP 500","responseTime":0}}
{"timestamp":"2025-09-13T03:14:48.192Z","type":"ALERT","endpoint":"Health API","data":{"timestamp":"2025-09-13T03:14:48.192Z","severity":"CRITICAL","message":"Health API failed 15 consecutive times","endpoint":{"name":"Health API","url":"http://localhost:3000/api/health"}}}
{"timestamp":"2025-09-13T03:14:48.314Z","type":"CHECK_FAILURE","endpoint":"Homepage","data":{"error":"HTTP 500","responseTime":0}}
{"timestamp":"2025-09-13T03:14:48.315Z","type":"ALERT","endpoint":"Homepage","data":{"timestamp":"2025-09-13T03:14:48.315Z","severity":"CRITICAL","message":"Homepage failed 15 consecutive times","endpoint":{"name":"Homepage","url":"http://localhost:3000/"}}}
{"timestamp":"2025-09-13T03:14:48.412Z","type":"CHECK_FAILURE","endpoint":"Tools Page","data":{"error":"HTTP 500","responseTime":0}}
{"timestamp":"2025-09-13T03:14:48.412Z","type":"ALERT","endpoint":"Tools Page","data":{"timestamp":"2025-09-13T03:14:48.412Z","severity":"CRITICAL","message":"Tools Page failed 15 consecutive times","endpoint":{"name":"Tools Page","url":"http://localhost:3000/tools"}}}
{"timestamp":"2025-09-13T03:14:48.432Z","type":"CHECK_FAILURE","endpoint":"Tutorials Page","data":{"error":"HTTP 500","responseTime":0}}
{"timestamp":"2025-09-13T03:14:48.432Z","type":"ALERT","endpoint":"Tutorials Page","data":{"timestamp":"2025-09-13T03:14:48.432Z","severity":"CRITICAL","message":"Tutorials Page failed 18 consecutive times","endpoint":{"name":"Tutorials Page","url":"http://localhost:3000/tutorials"}}}
{"timestamp":"2025-09-13T03:14:48.432Z","type":"SUMMARY","endpoint":"SYSTEM","data":{"timestamp":"2025-09-13T03:14:48.432Z","totalEndpoints":4,"upEndpoints":0,"downEndpoints":4,"avgResponseTime":0,"overallUptime":6.818181818181818}}
{"timestamp":"2025-09-13T03:15:18.201Z","type":"CHECK_FAILURE","endpoint":"Health API","data":{"error":"HTTP 500","responseTime":0}}
{"timestamp":"2025-09-13T03:15:18.201Z","type":"ALERT","endpoint":"Health API","data":{"timestamp":"2025-09-13T03:15:18.201Z","severity":"CRITICAL","message":"Health API failed 16 consecutive times","endpoint":{"name":"Health API","url":"http://localhost:3000/api/health"}}}
{"timestamp":"2025-09-13T03:15:18.337Z","type":"CHECK_FAILURE","endpoint":"Homepage","data":{"error":"HTTP 500","responseTime":0}}
{"timestamp":"2025-09-13T03:15:18.337Z","type":"ALERT","endpoint":"Homepage","data":{"timestamp":"2025-09-13T03:15:18.337Z","severity":"CRITICAL","message":"Homepage failed 16 consecutive times","endpoint":{"name":"Homepage","url":"http://localhost:3000/"}}}
{"timestamp":"2025-09-13T03:15:18.469Z","type":"CHECK_FAILURE","endpoint":"Tools Page","data":{"error":"HTTP 500","responseTime":0}}
{"timestamp":"2025-09-13T03:15:18.469Z","type":"ALERT","endpoint":"Tools Page","data":{"timestamp":"2025-09-13T03:15:18.469Z","severity":"CRITICAL","message":"Tools Page failed 16 consecutive times","endpoint":{"name":"Tools Page","url":"http://localhost:3000/tools"}}}
{"timestamp":"2025-09-13T03:15:18.500Z","type":"CHECK_FAILURE","endpoint":"Tutorials Page","data":{"error":"HTTP 500","responseTime":0}}
{"timestamp":"2025-09-13T03:15:18.501Z","type":"ALERT","endpoint":"Tutorials Page","data":{"timestamp":"2025-09-13T03:15:18.501Z","severity":"CRITICAL","message":"Tutorials Page failed 19 consecutive times","endpoint":{"name":"Tutorials Page","url":"http://localhost:3000/tutorials"}}}
{"timestamp":"2025-09-13T03:15:18.501Z","type":"SUMMARY","endpoint":"SYSTEM","data":{"timestamp":"2025-09-13T03:15:18.501Z","totalEndpoints":4,"upEndpoints":0,"downEndpoints":4,"avgResponseTime":0,"overallUptime":6.428571428571429}}
{"timestamp":"2025-09-13T03:15:48.220Z","type":"CHECK_FAILURE","endpoint":"Health API","data":{"error":"HTTP 500","responseTime":0}}
{"timestamp":"2025-09-13T03:15:48.220Z","type":"ALERT","endpoint":"Health API","data":{"timestamp":"2025-09-13T03:15:48.220Z","severity":"CRITICAL","message":"Health API failed 17 consecutive times","endpoint":{"name":"Health API","url":"http://localhost:3000/api/health"}}}
{"timestamp":"2025-09-13T03:15:48.355Z","type":"CHECK_FAILURE","endpoint":"Homepage","data":{"error":"HTTP 500","responseTime":0}}
{"timestamp":"2025-09-13T03:15:48.356Z","type":"ALERT","endpoint":"Homepage","data":{"timestamp":"2025-09-13T03:15:48.356Z","severity":"CRITICAL","message":"Homepage failed 17 consecutive times","endpoint":{"name":"Homepage","url":"http://localhost:3000/"}}}
{"timestamp":"2025-09-13T03:15:48.456Z","type":"CHECK_FAILURE","endpoint":"Tools Page","data":{"error":"HTTP 500","responseTime":0}}
{"timestamp":"2025-09-13T03:15:48.456Z","type":"ALERT","endpoint":"Tools Page","data":{"timestamp":"2025-09-13T03:15:48.456Z","severity":"CRITICAL","message":"Tools Page failed 17 consecutive times","endpoint":{"name":"Tools Page","url":"http://localhost:3000/tools"}}}
{"timestamp":"2025-09-13T03:15:48.472Z","type":"CHECK_FAILURE","endpoint":"Tutorials Page","data":{"error":"HTTP 500","responseTime":0}}
{"timestamp":"2025-09-13T03:15:48.473Z","type":"ALERT","endpoint":"Tutorials Page","data":{"timestamp":"2025-09-13T03:15:48.473Z","severity":"CRITICAL","message":"Tutorials Page failed 20 consecutive times","endpoint":{"name":"Tutorials Page","url":"http://localhost:3000/tutorials"}}}
{"timestamp":"2025-09-13T03:15:48.473Z","type":"SUMMARY","endpoint":"SYSTEM","data":{"timestamp":"2025-09-13T03:15:48.473Z","totalEndpoints":4,"upEndpoints":0,"downEndpoints":4,"avgResponseTime":0,"overallUptime":6.081081081081082}}
{"timestamp":"2025-09-13T03:16:18.201Z","type":"CHECK_FAILURE","endpoint":"Health API","data":{"error":"HTTP 500","responseTime":0}}
{"timestamp":"2025-09-13T03:16:18.201Z","type":"ALERT","endpoint":"Health API","data":{"timestamp":"2025-09-13T03:16:18.201Z","severity":"CRITICAL","message":"Health API failed 18 consecutive times","endpoint":{"name":"Health API","url":"http://localhost:3000/api/health"}}}
{"timestamp":"2025-09-13T03:16:18.226Z","type":"CHECK_FAILURE","endpoint":"Tools Page","data":{"error":"HTTP 500","responseTime":0}}
{"timestamp":"2025-09-13T03:16:18.226Z","type":"ALERT","endpoint":"Tools Page","data":{"timestamp":"2025-09-13T03:16:18.226Z","severity":"CRITICAL","message":"Tools Page failed 18 consecutive times","endpoint":{"name":"Tools Page","url":"http://localhost:3000/tools"}}}
{"timestamp":"2025-09-13T03:16:18.244Z","type":"CHECK_FAILURE","endpoint":"Homepage","data":{"error":"HTTP 500","responseTime":0}}
{"timestamp":"2025-09-13T03:16:18.244Z","type":"ALERT","endpoint":"Homepage","data":{"timestamp":"2025-09-13T03:16:18.244Z","severity":"CRITICAL","message":"Homepage failed 18 consecutive times","endpoint":{"name":"Homepage","url":"http://localhost:3000/"}}}
{"timestamp":"2025-09-13T03:16:18.293Z","type":"CHECK_FAILURE","endpoint":"Tutorials Page","data":{"error":"HTTP 500","responseTime":0}}
{"timestamp":"2025-09-13T03:16:18.293Z","type":"ALERT","endpoint":"Tutorials Page","data":{"timestamp":"2025-09-13T03:16:18.293Z","severity":"CRITICAL","message":"Tutorials Page failed 21 consecutive times","endpoint":{"name":"Tutorials Page","url":"http://localhost:3000/tutorials"}}}
{"timestamp":"2025-09-13T03:16:18.293Z","type":"SUMMARY","endpoint":"SYSTEM","data":{"timestamp":"2025-09-13T03:16:18.293Z","totalEndpoints":4,"upEndpoints":0,"downEndpoints":4,"avgResponseTime":0,"overallUptime":5.769230769230769}}
{"timestamp":"2025-09-13T03:16:48.090Z","type":"CHECK_FAILURE","endpoint":"Health API","data":{"error":"HTTP 500","responseTime":0}}
{"timestamp":"2025-09-13T03:16:48.090Z","type":"ALERT","endpoint":"Health API","data":{"timestamp":"2025-09-13T03:16:48.090Z","severity":"CRITICAL","message":"Health API failed 19 consecutive times","endpoint":{"name":"Health API","url":"http://localhost:3000/api/health"}}}
{"timestamp":"2025-09-13T03:16:48.137Z","type":"CHECK_FAILURE","endpoint":"Homepage","data":{"error":"HTTP 500","responseTime":0}}
{"timestamp":"2025-09-13T03:16:48.137Z","type":"ALERT","endpoint":"Homepage","data":{"timestamp":"2025-09-13T03:16:48.137Z","severity":"CRITICAL","message":"Homepage failed 19 consecutive times","endpoint":{"name":"Homepage","url":"http://localhost:3000/"}}}
{"timestamp":"2025-09-13T03:16:48.206Z","type":"CHECK_FAILURE","endpoint":"Tools Page","data":{"error":"HTTP 500","responseTime":0}}
{"timestamp":"2025-09-13T03:16:48.207Z","type":"ALERT","endpoint":"Tools Page","data":{"timestamp":"2025-09-13T03:16:48.207Z","severity":"CRITICAL","message":"Tools Page failed 19 consecutive times","endpoint":{"name":"Tools Page","url":"http://localhost:3000/tools"}}}
{"timestamp":"2025-09-13T03:16:48.229Z","type":"CHECK_FAILURE","endpoint":"Tutorials Page","data":{"error":"HTTP 500","responseTime":0}}
{"timestamp":"2025-09-13T03:16:48.230Z","type":"ALERT","endpoint":"Tutorials Page","data":{"timestamp":"2025-09-13T03:16:48.230Z","severity":"CRITICAL","message":"Tutorials Page failed 22 consecutive times","endpoint":{"name":"Tutorials Page","url":"http://localhost:3000/tutorials"}}}
{"timestamp":"2025-09-13T03:16:48.230Z","type":"SUMMARY","endpoint":"SYSTEM","data":{"timestamp":"2025-09-13T03:16:48.230Z","totalEndpoints":4,"upEndpoints":0,"downEndpoints":4,"avgResponseTime":0,"overallUptime":5.48780487804878}}
{"timestamp":"2025-09-13T03:17:18.181Z","type":"CHECK_FAILURE","endpoint":"Health API","data":{"error":"HTTP 500","responseTime":0}}
{"timestamp":"2025-09-13T03:17:18.182Z","type":"ALERT","endpoint":"Health API","data":{"timestamp":"2025-09-13T03:17:18.182Z","severity":"CRITICAL","message":"Health API failed 20 consecutive times","endpoint":{"name":"Health API","url":"http://localhost:3000/api/health"}}}
{"timestamp":"2025-09-13T03:17:18.237Z","type":"CHECK_FAILURE","endpoint":"Homepage","data":{"error":"HTTP 500","responseTime":0}}
{"timestamp":"2025-09-13T03:17:18.238Z","type":"ALERT","endpoint":"Homepage","data":{"timestamp":"2025-09-13T03:17:18.238Z","severity":"CRITICAL","message":"Homepage failed 20 consecutive times","endpoint":{"name":"Homepage","url":"http://localhost:3000/"}}}
{"timestamp":"2025-09-13T03:17:18.312Z","type":"CHECK_FAILURE","endpoint":"Tools Page","data":{"error":"HTTP 500","responseTime":0}}
{"timestamp":"2025-09-13T03:17:18.312Z","type":"ALERT","endpoint":"Tools Page","data":{"timestamp":"2025-09-13T03:17:18.312Z","severity":"CRITICAL","message":"Tools Page failed 20 consecutive times","endpoint":{"name":"Tools Page","url":"http://localhost:3000/tools"}}}
{"timestamp":"2025-09-13T03:17:18.329Z","type":"CHECK_FAILURE","endpoint":"Tutorials Page","data":{"error":"HTTP 500","responseTime":0}}
{"timestamp":"2025-09-13T03:17:18.329Z","type":"ALERT","endpoint":"Tutorials Page","data":{"timestamp":"2025-09-13T03:17:18.329Z","severity":"CRITICAL","message":"Tutorials Page failed 23 consecutive times","endpoint":{"name":"Tutorials Page","url":"http://localhost:3000/tutorials"}}}
{"timestamp":"2025-09-13T03:17:18.330Z","type":"SUMMARY","endpoint":"SYSTEM","data":{"timestamp":"2025-09-13T03:17:18.330Z","totalEndpoints":4,"upEndpoints":0,"downEndpoints":4,"avgResponseTime":0,"overallUptime":5.232558139534884}}
{"timestamp":"2025-09-13T03:17:48.137Z","type":"CHECK_FAILURE","endpoint":"Health API","data":{"error":"HTTP 500","responseTime":0}}
{"timestamp":"2025-09-13T03:17:48.137Z","type":"ALERT","endpoint":"Health API","data":{"timestamp":"2025-09-13T03:17:48.137Z","severity":"CRITICAL","message":"Health API failed 21 consecutive times","endpoint":{"name":"Health API","url":"http://localhost:3000/api/health"}}}
{"timestamp":"2025-09-13T03:17:48.185Z","type":"CHECK_FAILURE","endpoint":"Homepage","data":{"error":"HTTP 500","responseTime":0}}
{"timestamp":"2025-09-13T03:17:48.185Z","type":"ALERT","endpoint":"Homepage","data":{"timestamp":"2025-09-13T03:17:48.185Z","severity":"CRITICAL","message":"Homepage failed 21 consecutive times","endpoint":{"name":"Homepage","url":"http://localhost:3000/"}}}
{"timestamp":"2025-09-13T03:17:48.257Z","type":"CHECK_FAILURE","endpoint":"Tools Page","data":{"error":"HTTP 500","responseTime":0}}
{"timestamp":"2025-09-13T03:17:48.257Z","type":"ALERT","endpoint":"Tools Page","data":{"timestamp":"2025-09-13T03:17:48.257Z","severity":"CRITICAL","message":"Tools Page failed 21 consecutive times","endpoint":{"name":"Tools Page","url":"http://localhost:3000/tools"}}}
{"timestamp":"2025-09-13T03:17:48.278Z","type":"CHECK_FAILURE","endpoint":"Tutorials Page","data":{"error":"HTTP 500","responseTime":0}}
{"timestamp":"2025-09-13T03:17:48.278Z","type":"ALERT","endpoint":"Tutorials Page","data":{"timestamp":"2025-09-13T03:17:48.278Z","severity":"CRITICAL","message":"Tutorials Page failed 24 consecutive times","endpoint":{"name":"Tutorials Page","url":"http://localhost:3000/tutorials"}}}
{"timestamp":"2025-09-13T03:17:48.278Z","type":"SUMMARY","endpoint":"SYSTEM","data":{"timestamp":"2025-09-13T03:17:48.278Z","totalEndpoints":4,"upEndpoints":0,"downEndpoints":4,"avgResponseTime":0,"overallUptime":5}}
{"timestamp":"2025-09-13T03:18:18.139Z","type":"CHECK_FAILURE","endpoint":"Health API","data":{"error":"HTTP 500","responseTime":0}}
{"timestamp":"2025-09-13T03:18:18.140Z","type":"ALERT","endpoint":"Health API","data":{"timestamp":"2025-09-13T03:18:18.140Z","severity":"CRITICAL","message":"Health API failed 22 consecutive times","endpoint":{"name":"Health API","url":"http://localhost:3000/api/health"}}}
{"timestamp":"2025-09-13T03:18:18.202Z","type":"CHECK_FAILURE","endpoint":"Homepage","data":{"error":"HTTP 500","responseTime":0}}
{"timestamp":"2025-09-13T03:18:18.202Z","type":"ALERT","endpoint":"Homepage","data":{"timestamp":"2025-09-13T03:18:18.202Z","severity":"CRITICAL","message":"Homepage failed 22 consecutive times","endpoint":{"name":"Homepage","url":"http://localhost:3000/"}}}
{"timestamp":"2025-09-13T03:18:18.277Z","type":"CHECK_FAILURE","endpoint":"Tools Page","data":{"error":"HTTP 500","responseTime":0}}
{"timestamp":"2025-09-13T03:18:18.277Z","type":"ALERT","endpoint":"Tools Page","data":{"timestamp":"2025-09-13T03:18:18.277Z","severity":"CRITICAL","message":"Tools Page failed 22 consecutive times","endpoint":{"name":"Tools Page","url":"http://localhost:3000/tools"}}}
{"timestamp":"2025-09-13T03:18:18.299Z","type":"CHECK_FAILURE","endpoint":"Tutorials Page","data":{"error":"HTTP 500","responseTime":0}}
{"timestamp":"2025-09-13T03:18:18.299Z","type":"ALERT","endpoint":"Tutorials Page","data":{"timestamp":"2025-09-13T03:18:18.299Z","severity":"CRITICAL","message":"Tutorials Page failed 25 consecutive times","endpoint":{"name":"Tutorials Page","url":"http://localhost:3000/tutorials"}}}
{"timestamp":"2025-09-13T03:18:18.299Z","type":"SUMMARY","endpoint":"SYSTEM","data":{"timestamp":"2025-09-13T03:18:18.299Z","totalEndpoints":4,"upEndpoints":0,"downEndpoints":4,"avgResponseTime":0,"overallUptime":4.787234042553191}}
{"timestamp":"2025-09-13T03:18:48.165Z","type":"CHECK_FAILURE","endpoint":"Health API","data":{"error":"HTTP 500","responseTime":0}}
{"timestamp":"2025-09-13T03:18:48.165Z","type":"ALERT","endpoint":"Health API","data":{"timestamp":"2025-09-13T03:18:48.165Z","severity":"CRITICAL","message":"Health API failed 23 consecutive times","endpoint":{"name":"Health API","url":"http://localhost:3000/api/health"}}}
{"timestamp":"2025-09-13T03:18:48.211Z","type":"CHECK_FAILURE","endpoint":"Homepage","data":{"error":"HTTP 500","responseTime":0}}
{"timestamp":"2025-09-13T03:18:48.211Z","type":"ALERT","endpoint":"Homepage","data":{"timestamp":"2025-09-13T03:18:48.211Z","severity":"CRITICAL","message":"Homepage failed 23 consecutive times","endpoint":{"name":"Homepage","url":"http://localhost:3000/"}}}
{"timestamp":"2025-09-13T03:18:48.281Z","type":"CHECK_FAILURE","endpoint":"Tools Page","data":{"error":"HTTP 500","responseTime":0}}
{"timestamp":"2025-09-13T03:18:48.281Z","type":"ALERT","endpoint":"Tools Page","data":{"timestamp":"2025-09-13T03:18:48.281Z","severity":"CRITICAL","message":"Tools Page failed 23 consecutive times","endpoint":{"name":"Tools Page","url":"http://localhost:3000/tools"}}}
{"timestamp":"2025-09-13T03:18:48.301Z","type":"CHECK_FAILURE","endpoint":"Tutorials Page","data":{"error":"HTTP 500","responseTime":0}}
{"timestamp":"2025-09-13T03:18:48.302Z","type":"ALERT","endpoint":"Tutorials Page","data":{"timestamp":"2025-09-13T03:18:48.302Z","severity":"CRITICAL","message":"Tutorials Page failed 26 consecutive times","endpoint":{"name":"Tutorials Page","url":"http://localhost:3000/tutorials"}}}
{"timestamp":"2025-09-13T03:18:48.302Z","type":"SUMMARY","endpoint":"SYSTEM","data":{"timestamp":"2025-09-13T03:18:48.302Z","totalEndpoints":4,"upEndpoints":0,"downEndpoints":4,"avgResponseTime":0,"overallUptime":4.591836734693877}}
{"timestamp":"2025-09-13T03:19:18.554Z","type":"CHECK_FAILURE","endpoint":"Health API","data":{"error":"HTTP 500","responseTime":0}}
{"timestamp":"2025-09-13T03:19:18.554Z","type":"ALERT","endpoint":"Health API","data":{"timestamp":"2025-09-13T03:19:18.554Z","severity":"CRITICAL","message":"Health API failed 24 consecutive times","endpoint":{"name":"Health API","url":"http://localhost:3000/api/health"}}}
{"timestamp":"2025-09-13T03:19:19.131Z","type":"CHECK_FAILURE","endpoint":"Homepage","data":{"error":"HTTP 500","responseTime":0}}
{"timestamp":"2025-09-13T03:19:19.132Z","type":"ALERT","endpoint":"Homepage","data":{"timestamp":"2025-09-13T03:19:19.132Z","severity":"CRITICAL","message":"Homepage failed 24 consecutive times","endpoint":{"name":"Homepage","url":"http://localhost:3000/"}}}
{"timestamp":"2025-09-13T03:19:19.163Z","type":"CHECK_FAILURE","endpoint":"Tools Page","data":{"error":"HTTP 500","responseTime":0}}
{"timestamp":"2025-09-13T03:19:19.164Z","type":"ALERT","endpoint":"Tools Page","data":{"timestamp":"2025-09-13T03:19:19.164Z","severity":"CRITICAL","message":"Tools Page failed 24 consecutive times","endpoint":{"name":"Tools Page","url":"http://localhost:3000/tools"}}}
{"timestamp":"2025-09-13T03:19:19.197Z","type":"CHECK_FAILURE","endpoint":"Tutorials Page","data":{"error":"HTTP 500","responseTime":0}}
{"timestamp":"2025-09-13T03:19:19.197Z","type":"ALERT","endpoint":"Tutorials Page","data":{"timestamp":"2025-09-13T03:19:19.197Z","severity":"CRITICAL","message":"Tutorials Page failed 27 consecutive times","endpoint":{"name":"Tutorials Page","url":"http://localhost:3000/tutorials"}}}
{"timestamp":"2025-09-13T03:19:19.197Z","type":"SUMMARY","endpoint":"SYSTEM","data":{"timestamp":"2025-09-13T03:19:19.197Z","totalEndpoints":4,"upEndpoints":0,"downEndpoints":4,"avgResponseTime":0,"overallUptime":4.411764705882352}}
{"timestamp":"2025-09-13T03:19:50.262Z","type":"CHECK_FAILURE","endpoint":"Health API","data":{"error":"HTTP 500","responseTime":0}}
{"timestamp":"2025-09-13T03:19:50.263Z","type":"ALERT","endpoint":"Health API","data":{"timestamp":"2025-09-13T03:19:50.263Z","severity":"CRITICAL","message":"Health API failed 25 consecutive times","endpoint":{"name":"Health API","url":"http://localhost:3000/api/health"}}}
{"timestamp":"2025-09-13T03:19:50.360Z","type":"CHECK_FAILURE","endpoint":"Tutorials Page","data":{"error":"HTTP 500","responseTime":0}}
{"timestamp":"2025-09-13T03:19:50.361Z","type":"ALERT","endpoint":"Tutorials Page","data":{"timestamp":"2025-09-13T03:19:50.361Z","severity":"CRITICAL","message":"Tutorials Page failed 28 consecutive times","endpoint":{"name":"Tutorials Page","url":"http://localhost:3000/tutorials"}}}
{"timestamp":"2025-09-13T03:19:50.384Z","type":"CHECK_FAILURE","endpoint":"Homepage","data":{"error":"HTTP 500","responseTime":0}}
{"timestamp":"2025-09-13T03:19:50.385Z","type":"ALERT","endpoint":"Homepage","data":{"timestamp":"2025-09-13T03:19:50.385Z","severity":"CRITICAL","message":"Homepage failed 25 consecutive times","endpoint":{"name":"Homepage","url":"http://localhost:3000/"}}}
{"timestamp":"2025-09-13T03:19:50.404Z","type":"CHECK_FAILURE","endpoint":"Tools Page","data":{"error":"HTTP 500","responseTime":0}}
{"timestamp":"2025-09-13T03:19:50.404Z","type":"ALERT","endpoint":"Tools Page","data":{"timestamp":"2025-09-13T03:19:50.404Z","severity":"CRITICAL","message":"Tools Page failed 25 consecutive times","endpoint":{"name":"Tools Page","url":"http://localhost:3000/tools"}}}
{"timestamp":"2025-09-13T03:19:50.405Z","type":"SUMMARY","endpoint":"SYSTEM","data":{"timestamp":"2025-09-13T03:19:50.405Z","totalEndpoints":4,"upEndpoints":0,"downEndpoints":4,"avgResponseTime":0,"overallUptime":4.245283018867925}}
{"timestamp":"2025-09-13T03:20:25.776Z","type":"CHECK_FAILURE","endpoint":"Health API","data":{"error":"HTTP 500","responseTime":0}}
{"timestamp":"2025-09-13T03:20:25.777Z","type":"ALERT","endpoint":"Health API","data":{"timestamp":"2025-09-13T03:20:25.777Z","severity":"CRITICAL","message":"Health API failed 26 consecutive times","endpoint":{"name":"Health API","url":"http://localhost:3000/api/health"}}}
{"timestamp":"2025-09-13T03:20:25.954Z","type":"CHECK_FAILURE","endpoint":"Tutorials Page","data":{"error":"HTTP 500","responseTime":0}}
{"timestamp":"2025-09-13T03:20:25.955Z","type":"ALERT","endpoint":"Tutorials Page","data":{"timestamp":"2025-09-13T03:20:25.955Z","severity":"CRITICAL","message":"Tutorials Page failed 29 consecutive times","endpoint":{"name":"Tutorials Page","url":"http://localhost:3000/tutorials"}}}
{"timestamp":"2025-09-13T03:20:25.971Z","type":"CHECK_FAILURE","endpoint":"Homepage","data":{"error":"HTTP 500","responseTime":0}}
{"timestamp":"2025-09-13T03:20:25.971Z","type":"ALERT","endpoint":"Homepage","data":{"timestamp":"2025-09-13T03:20:25.971Z","severity":"CRITICAL","message":"Homepage failed 26 consecutive times","endpoint":{"name":"Homepage","url":"http://localhost:3000/"}}}
{"timestamp":"2025-09-13T03:20:26.031Z","type":"CHECK_FAILURE","endpoint":"Tools Page","data":{"error":"HTTP 500","responseTime":0}}
{"timestamp":"2025-09-13T03:20:26.031Z","type":"ALERT","endpoint":"Tools Page","data":{"timestamp":"2025-09-13T03:20:26.031Z","severity":"CRITICAL","message":"Tools Page failed 26 consecutive times","endpoint":{"name":"Tools Page","url":"http://localhost:3000/tools"}}}
{"timestamp":"2025-09-13T03:20:26.032Z","type":"SUMMARY","endpoint":"SYSTEM","data":{"timestamp":"2025-09-13T03:20:26.032Z","totalEndpoints":4,"upEndpoints":0,"downEndpoints":4,"avgResponseTime":0,"overallUptime":4.090909090909091}}
{"timestamp":"2025-09-13T03:20:58.048Z","type":"CHECK_FAILURE","endpoint":"Homepage","data":{"error":"Request timeout","responseTime":10011}}
{"timestamp":"2025-09-13T03:20:58.048Z","type":"CHECK_FAILURE","endpoint":"Health API","data":{"error":"Request timeout","responseTime":10010}}
{"timestamp":"2025-09-13T03:20:58.049Z","type":"CHECK_FAILURE","endpoint":"Tools Page","data":{"error":"Request timeout","responseTime":10011}}
{"timestamp":"2025-09-13T03:20:58.049Z","type":"CHECK_FAILURE","endpoint":"Tutorials Page","data":{"error":"Request timeout","responseTime":10011}}
{"timestamp":"2025-09-13T03:20:58.055Z","type":"ALERT","endpoint":"Health API","data":{"timestamp":"2025-09-13T03:20:58.055Z","severity":"CRITICAL","message":"Health API failed 27 consecutive times","endpoint":{"name":"Health API","url":"http://localhost:3000/api/health"}}}
{"timestamp":"2025-09-13T03:20:58.055Z","type":"ALERT","endpoint":"Homepage","data":{"timestamp":"2025-09-13T03:20:58.055Z","severity":"CRITICAL","message":"Homepage failed 27 consecutive times","endpoint":{"name":"Homepage","url":"http://localhost:3000/"}}}
{"timestamp":"2025-09-13T03:20:58.055Z","type":"ALERT","endpoint":"Tools Page","data":{"timestamp":"2025-09-13T03:20:58.055Z","severity":"CRITICAL","message":"Tools Page failed 27 consecutive times","endpoint":{"name":"Tools Page","url":"http://localhost:3000/tools"}}}
{"timestamp":"2025-09-13T03:20:58.055Z","type":"ALERT","endpoint":"Tutorials Page","data":{"timestamp":"2025-09-13T03:20:58.055Z","severity":"CRITICAL","message":"Tutorials Page failed 30 consecutive times","endpoint":{"name":"Tutorials Page","url":"http://localhost:3000/tutorials"}}}
{"timestamp":"2025-09-13T03:20:58.055Z","type":"SUMMARY","endpoint":"SYSTEM","data":{"timestamp":"2025-09-13T03:20:58.055Z","totalEndpoints":4,"upEndpoints":0,"downEndpoints":4,"avgResponseTime":0,"overallUptime":4.017857142857142}}
{"timestamp":"2025-09-13T03:21:28.062Z","type":"CHECK_FAILURE","endpoint":"Homepage","data":{"error":"Request timeout","responseTime":10004}}
{"timestamp":"2025-09-13T03:21:28.062Z","type":"CHECK_FAILURE","endpoint":"Health API","data":{"error":"Request timeout","responseTime":10004}}
{"timestamp":"2025-09-13T03:21:28.063Z","type":"CHECK_FAILURE","endpoint":"Tools Page","data":{"error":"Request timeout","responseTime":10005}}
{"timestamp":"2025-09-13T03:21:28.063Z","type":"CHECK_FAILURE","endpoint":"Tutorials Page","data":{"error":"Request timeout","responseTime":10005}}
{"timestamp":"2025-09-13T03:21:28.063Z","type":"ALERT","endpoint":"Homepage","data":{"timestamp":"2025-09-13T03:21:28.063Z","severity":"CRITICAL","message":"Homepage failed 28 consecutive times","endpoint":{"name":"Homepage","url":"http://localhost:3000/"}}}
{"timestamp":"2025-09-13T03:21:28.063Z","type":"ALERT","endpoint":"Health API","data":{"timestamp":"2025-09-13T03:21:28.063Z","severity":"CRITICAL","message":"Health API failed 28 consecutive times","endpoint":{"name":"Health API","url":"http://localhost:3000/api/health"}}}
{"timestamp":"2025-09-13T03:21:28.063Z","type":"ALERT","endpoint":"Tools Page","data":{"timestamp":"2025-09-13T03:21:28.063Z","severity":"CRITICAL","message":"Tools Page failed 28 consecutive times","endpoint":{"name":"Tools Page","url":"http://localhost:3000/tools"}}}
{"timestamp":"2025-09-13T03:21:28.063Z","type":"ALERT","endpoint":"Tutorials Page","data":{"timestamp":"2025-09-13T03:21:28.063Z","severity":"CRITICAL","message":"Tutorials Page failed 31 consecutive times","endpoint":{"name":"Tutorials Page","url":"http://localhost:3000/tutorials"}}}
{"timestamp":"2025-09-13T03:21:28.064Z","type":"SUMMARY","endpoint":"SYSTEM","data":{"timestamp":"2025-09-13T03:21:28.064Z","totalEndpoints":4,"upEndpoints":0,"downEndpoints":4,"avgResponseTime":0,"overallUptime":3.947368421052631}}
{"timestamp":"2025-09-13T03:21:58.083Z","type":"CHECK_FAILURE","endpoint":"Homepage","data":{"error":"Request timeout","responseTime":10005}}
{"timestamp":"2025-09-13T03:21:58.084Z","type":"CHECK_FAILURE","endpoint":"Health API","data":{"error":"Request timeout","responseTime":10006}}
{"timestamp":"2025-09-13T03:21:58.084Z","type":"CHECK_FAILURE","endpoint":"Tools Page","data":{"error":"Request timeout","responseTime":10006}}
{"timestamp":"2025-09-13T03:21:58.084Z","type":"CHECK_FAILURE","endpoint":"Tutorials Page","data":{"error":"Request timeout","responseTime":10006}}
{"timestamp":"2025-09-13T03:21:58.085Z","type":"ALERT","endpoint":"Homepage","data":{"timestamp":"2025-09-13T03:21:58.085Z","severity":"CRITICAL","message":"Homepage failed 29 consecutive times","endpoint":{"name":"Homepage","url":"http://localhost:3000/"}}}
{"timestamp":"2025-09-13T03:21:58.085Z","type":"ALERT","endpoint":"Health API","data":{"timestamp":"2025-09-13T03:21:58.085Z","severity":"CRITICAL","message":"Health API failed 29 consecutive times","endpoint":{"name":"Health API","url":"http://localhost:3000/api/health"}}}
{"timestamp":"2025-09-13T03:21:58.085Z","type":"ALERT","endpoint":"Tools Page","data":{"timestamp":"2025-09-13T03:21:58.085Z","severity":"CRITICAL","message":"Tools Page failed 29 consecutive times","endpoint":{"name":"Tools Page","url":"http://localhost:3000/tools"}}}
{"timestamp":"2025-09-13T03:21:58.085Z","type":"ALERT","endpoint":"Tutorials Page","data":{"timestamp":"2025-09-13T03:21:58.085Z","severity":"CRITICAL","message":"Tutorials Page failed 32 consecutive times","endpoint":{"name":"Tutorials Page","url":"http://localhost:3000/tutorials"}}}
{"timestamp":"2025-09-13T03:21:58.086Z","type":"SUMMARY","endpoint":"SYSTEM","data":{"timestamp":"2025-09-13T03:21:58.086Z","totalEndpoints":4,"upEndpoints":0,"downEndpoints":4,"avgResponseTime":0,"overallUptime":3.8793103448275863}}
{"timestamp":"2025-09-13T03:22:28.099Z","type":"CHECK_FAILURE","endpoint":"Homepage","data":{"error":"Request timeout","responseTime":10006}}
{"timestamp":"2025-09-13T03:22:28.099Z","type":"CHECK_FAILURE","endpoint":"Health API","data":{"error":"Request timeout","responseTime":10005}}
{"timestamp":"2025-09-13T03:22:28.099Z","type":"CHECK_FAILURE","endpoint":"Tools Page","data":{"error":"Request timeout","responseTime":10005}}
{"timestamp":"2025-09-13T03:22:28.100Z","type":"CHECK_FAILURE","endpoint":"Tutorials Page","data":{"error":"Request timeout","responseTime":10006}}
{"timestamp":"2025-09-13T03:22:28.100Z","type":"ALERT","endpoint":"Homepage","data":{"timestamp":"2025-09-13T03:22:28.100Z","severity":"CRITICAL","message":"Homepage failed 30 consecutive times","endpoint":{"name":"Homepage","url":"http://localhost:3000/"}}}
{"timestamp":"2025-09-13T03:22:28.100Z","type":"ALERT","endpoint":"Health API","data":{"timestamp":"2025-09-13T03:22:28.100Z","severity":"CRITICAL","message":"Health API failed 30 consecutive times","endpoint":{"name":"Health API","url":"http://localhost:3000/api/health"}}}
{"timestamp":"2025-09-13T03:22:28.100Z","type":"ALERT","endpoint":"Tools Page","data":{"timestamp":"2025-09-13T03:22:28.100Z","severity":"CRITICAL","message":"Tools Page failed 30 consecutive times","endpoint":{"name":"Tools Page","url":"http://localhost:3000/tools"}}}
{"timestamp":"2025-09-13T03:22:28.100Z","type":"ALERT","endpoint":"Tutorials Page","data":{"timestamp":"2025-09-13T03:22:28.100Z","severity":"CRITICAL","message":"Tutorials Page failed 33 consecutive times","endpoint":{"name":"Tutorials Page","url":"http://localhost:3000/tutorials"}}}
{"timestamp":"2025-09-13T03:22:28.101Z","type":"SUMMARY","endpoint":"SYSTEM","data":{"timestamp":"2025-09-13T03:22:28.101Z","totalEndpoints":4,"upEndpoints":0,"downEndpoints":4,"avgResponseTime":0,"overallUptime":3.813559322033899}}
{"timestamp":"2025-09-13T03:22:58.117Z","type":"CHECK_FAILURE","endpoint":"Homepage","data":{"error":"Request timeout","responseTime":10004}}
{"timestamp":"2025-09-13T03:22:58.118Z","type":"CHECK_FAILURE","endpoint":"Health API","data":{"error":"Request timeout","responseTime":10004}}
{"timestamp":"2025-09-13T03:22:58.118Z","type":"CHECK_FAILURE","endpoint":"Tools Page","data":{"error":"Request timeout","responseTime":10004}}
{"timestamp":"2025-09-13T03:22:58.118Z","type":"CHECK_FAILURE","endpoint":"Tutorials Page","data":{"error":"Request timeout","responseTime":10004}}
{"timestamp":"2025-09-13T03:22:58.118Z","type":"ALERT","endpoint":"Homepage","data":{"timestamp":"2025-09-13T03:22:58.118Z","severity":"CRITICAL","message":"Homepage failed 31 consecutive times","endpoint":{"name":"Homepage","url":"http://localhost:3000/"}}}
{"timestamp":"2025-09-13T03:22:58.118Z","type":"ALERT","endpoint":"Health API","data":{"timestamp":"2025-09-13T03:22:58.118Z","severity":"CRITICAL","message":"Health API failed 31 consecutive times","endpoint":{"name":"Health API","url":"http://localhost:3000/api/health"}}}
{"timestamp":"2025-09-13T03:22:58.118Z","type":"ALERT","endpoint":"Tools Page","data":{"timestamp":"2025-09-13T03:22:58.118Z","severity":"CRITICAL","message":"Tools Page failed 31 consecutive times","endpoint":{"name":"Tools Page","url":"http://localhost:3000/tools"}}}
{"timestamp":"2025-09-13T03:22:58.118Z","type":"ALERT","endpoint":"Tutorials Page","data":{"timestamp":"2025-09-13T03:22:58.118Z","severity":"CRITICAL","message":"Tutorials Page failed 34 consecutive times","endpoint":{"name":"Tutorials Page","url":"http://localhost:3000/tutorials"}}}
{"timestamp":"2025-09-13T03:22:58.119Z","type":"SUMMARY","endpoint":"SYSTEM","data":{"timestamp":"2025-09-13T03:22:58.119Z","totalEndpoints":4,"upEndpoints":0,"downEndpoints":4,"avgResponseTime":0,"overallUptime":3.75}}
{"timestamp":"2025-09-13T03:23:25.457Z","type":"CHECK_FAILURE","endpoint":"Health API","data":{"error":"HTTP 500","responseTime":0}}
{"timestamp":"2025-09-13T03:23:25.457Z","type":"ALERT","endpoint":"Health API","data":{"timestamp":"2025-09-13T03:23:25.457Z","severity":"CRITICAL","message":"Health API failed 32 consecutive times","endpoint":{"name":"Health API","url":"http://localhost:3000/api/health"}}}
{"timestamp":"2025-09-13T03:23:26.072Z","type":"CHECK_FAILURE","endpoint":"Homepage","data":{"error":"HTTP 500","responseTime":0}}
{"timestamp":"2025-09-13T03:23:26.072Z","type":"ALERT","endpoint":"Homepage","data":{"timestamp":"2025-09-13T03:23:26.072Z","severity":"CRITICAL","message":"Homepage failed 32 consecutive times","endpoint":{"name":"Homepage","url":"http://localhost:3000/"}}}
{"timestamp":"2025-09-13T03:23:26.090Z","type":"CHECK_FAILURE","endpoint":"Tools Page","data":{"error":"HTTP 500","responseTime":0}}
{"timestamp":"2025-09-13T03:23:26.090Z","type":"ALERT","endpoint":"Tools Page","data":{"timestamp":"2025-09-13T03:23:26.090Z","severity":"CRITICAL","message":"Tools Page failed 32 consecutive times","endpoint":{"name":"Tools Page","url":"http://localhost:3000/tools"}}}
{"timestamp":"2025-09-13T03:23:26.207Z","type":"CHECK_FAILURE","endpoint":"Tutorials Page","data":{"error":"HTTP 500","responseTime":0}}
{"timestamp":"2025-09-13T03:23:26.207Z","type":"ALERT","endpoint":"Tutorials Page","data":{"timestamp":"2025-09-13T03:23:26.207Z","severity":"CRITICAL","message":"Tutorials Page failed 35 consecutive times","endpoint":{"name":"Tutorials Page","url":"http://localhost:3000/tutorials"}}}
{"timestamp":"2025-09-13T03:23:26.207Z","type":"SUMMARY","endpoint":"SYSTEM","data":{"timestamp":"2025-09-13T03:23:26.207Z","totalEndpoints":4,"upEndpoints":0,"downEndpoints":4,"avgResponseTime":0,"overallUptime":3.629032258064516}}
